<?xml version="1.0" encoding="UTF-8"?>
<!-- Generated by org.testng.reporters.JUnitReportReporter -->
<testsuite hostname="ssimha1M-BNG1" failures="0" tests="2" name="day25.Demo5" time="0.016" errors="0" timestamp="2024-06-28T08:36:35 IST" skipped="0">
  <testcase classname="day25.Demo5" name="editCustomer" time="0.014"/>
  <system-out>
    <![CDATA[edit customer]]>
  </system-out>
  <testcase classname="day25.Demo5" name="deleteCustomer" time="0.002"/>
  <system-out>
    <![CDATA[delete customer]]>
  </system-out>
</testsuite> <!-- day25.Demo5 -->
