<?xml version="1.0" encoding="UTF-8"?>
<!-- Generated by org.testng.reporters.JUnitReportReporter -->
<testsuite hostname="ssimha1M-BNG1" failures="0" tests="1" name="day25.Demo8" time="0.019" errors="0" timestamp="2024-06-28T09:01:33 IST" skipped="0">
  <testcase classname="day25.Demo8" name="testA" time="0.019"/>
  <system-out>
    <![CDATA[hi:Delhi->Chandni Chowk]]>
  </system-out>
</testsuite> <!-- day25.Demo8 -->
