<?xml version="1.0" encoding="UTF-8"?>
<!-- Generated by org.testng.reporters.JUnitReportReporter -->
<testsuite hostname="ssimha1M-BNG1" failures="0" tests="1" name="day26.Demo4" time="23.309" errors="0" timestamp="2024-07-01T08:48:35 IST" skipped="0">
  <testcase classname="day26.Demo4" name="testA" time="23.309"/>
  <system-out>
    <![CDATA[Akshara Training â€“ Training Center]]>
  </system-out>
</testsuite> <!-- day26.Demo4 -->
